<?xml version="1.0" encoding="UTF-8"?>
<!-- Generated by org.testng.reporters.JUnitReportReporter -->
<testsuite skipped="0" hostname="QPaaSICNV1559" name="com.roi.selenium.Demo1" tests="1" failures="0" timestamp="02 Jul 2018 05:49:44 GMT" time="63.743" errors="0">
  <testcase name="test" time="63.743" classname="com.roi.selenium.Demo1"/>
</testsuite> <!-- com.roi.selenium.Demo1 -->
